<?xml version="1.0" encoding="UTF-8"?>
<testng-results skipped="0" failed="0" ignored="0" total="0" passed="0">
  <reporter-output>
  </reporter-output>
  <suite name="Surefire suite" duration-ms="27" started-at="2023-04-27T19:56:19 EDT" finished-at="2023-04-27T19:56:19 EDT">
    <groups>
    </groups>
    <test name="Surefire test" duration-ms="27" started-at="2023-04-27T19:56:19 EDT" finished-at="2023-04-27T19:56:19 EDT">
    </test> <!-- Surefire test -->
  </suite> <!-- Surefire suite -->
</testng-results>
